c:\rackafxprojects\project1\rafx2 winbuild\build\vc142.pdb
c:\rackafxprojects\project1\rafx2 winbuild\build\vc142.idb
c:\rackafxprojects\project1\rafx2 winbuild\build\vstgui_uidescription_win32.obj
c:\rackafxprojects\project1\rafx2 winbuild\build\vstgui_win32.obj
c:\rackafxprojects\project1\rafx2 winbuild\build\customcontrols.obj
c:\rackafxprojects\project1\rafx2 winbuild\build\customviews.obj
c:\rackafxprojects\project1\rafx2 winbuild\build\pluginbase.obj
c:\rackafxprojects\project1\rafx2 winbuild\build\plugincore.obj
c:\rackafxprojects\project1\rafx2 winbuild\build\plugingui.obj
c:\rackafxprojects\project1\rafx2 winbuild\build\pluginparameter.obj
c:\rackafxprojects\project1\rafx2 winbuild\build\fxobjects.obj
c:\rackafxprojects\project1\rafx2 winbuild\build\rackafxdll.obj
c:\rackafxprojects\project1\rafx2 winbuild\build\rafx2plugin.obj
c:\rackafxprojects\project1\rafx2 winbuild\build\rafx2pluginbase.obj
c:\rackafxprojects\project1\rafx2 winbuild\build\project1.pdb
c:\rackafxprojects\project1\rafx2 winbuild\build\project1.lib
c:\rackafxprojects\project1\rafx2 winbuild\build\project1.exp
c:\rackafxprojects\project1\rafx2 winbuild\build\pluginguimain.res
c:\users\spg77\appdata\roaming\rackafx 7.0\plugins\project1.pdb
c:\users\spg77\appdata\roaming\rackafx 7.0\plugins\project1.rafx2
c:\rackafxprojects\project1\rafx2 winbuild\build\project1.tlog\cl.command.1.tlog
c:\rackafxprojects\project1\rafx2 winbuild\build\project1.tlog\cl.read.1.tlog
c:\rackafxprojects\project1\rafx2 winbuild\build\project1.tlog\cl.write.1.tlog
c:\rackafxprojects\project1\rafx2 winbuild\build\project1.tlog\link.command.1.tlog
c:\rackafxprojects\project1\rafx2 winbuild\build\project1.tlog\link.read.1.tlog
c:\rackafxprojects\project1\rafx2 winbuild\build\project1.tlog\link.write.1.tlog
c:\rackafxprojects\project1\rafx2 winbuild\build\project1.tlog\project1.write.1u.tlog
c:\rackafxprojects\project1\rafx2 winbuild\build\project1.tlog\rc.command.1.tlog
c:\rackafxprojects\project1\rafx2 winbuild\build\project1.tlog\rc.read.1.tlog
c:\rackafxprojects\project1\rafx2 winbuild\build\project1.tlog\rc.write.1.tlog
